"Deploying ASA: allFieldASA":
    asset-index: 47
    confirmed-round: 10574
    pool-error: ""
    txn:
        sig:
            - 165
            - 213
            - 104
            - 243
            - 12
            - 106
            - 183
            - 143
            - 157
            - 118
            - 161
            - 115
            - 115
            - 76
            - 253
            - 113
            - 101
            - 34
            - 102
            - 31
            - 56
            - 40
            - 213
            - 57
            - 217
            - 96
            - 106
            - 52
            - 29
            - 114
            - 59
            - 3
            - 0
            - 202
            - 201
            - 196
            - 209
            - 241
            - 198
            - 190
            - 58
            - 234
            - 19
            - 136
            - 21
            - 241
            - 27
            - 163
            - 22
            - 78
            - 34
            - 237
            - 227
            - 168
            - 93
            - 120
            - 166
            - 158
            - 61
            - 238
            - 167
            - 104
            - 139
            - 3
        txn:
            apar:
                am:
                    - 49
                    - 50
                    - 51
                    - 49
                    - 50
                    - 52
                    - 52
                    - 50
                    - 49
                    - 52
                    - 50
                    - 49
                    - 52
                    - 49
                    - 50
                    - 52
                    - 49
                    - 50
                    - 52
                    - 52
                    - 52
                    - 52
                    - 52
                    - 52
                    - 49
                    - 49
                    - 49
                    - 49
                    - 49
                    - 49
                    - 51
                    - 51
                an: allFieldASA
                au: url
                c:
                    - 181
                    - 176
                    - 219
                    - 238
                    - 106
                    - 134
                    - 42
                    - 72
                    - 146
                    - 178
                    - 183
                    - 161
                    - 7
                    - 238
                    - 87
                    - 145
                    - 92
                    - 34
                    - 110
                    - 74
                    - 164
                    - 136
                    - 138
                    - 167
                    - 248
                    - 1
                    - 168
                    - 242
                    - 0
                    - 77
                    - 71
                    - 104
                df: true
                f:
                    - 181
                    - 176
                    - 219
                    - 238
                    - 106
                    - 134
                    - 42
                    - 72
                    - 146
                    - 178
                    - 183
                    - 161
                    - 7
                    - 238
                    - 87
                    - 145
                    - 92
                    - 34
                    - 110
                    - 74
                    - 164
                    - 136
                    - 138
                    - 167
                    - 248
                    - 1
                    - 168
                    - 242
                    - 0
                    - 77
                    - 71
                    - 104
                m:
                    - 181
                    - 176
                    - 219
                    - 238
                    - 106
                    - 134
                    - 42
                    - 72
                    - 146
                    - 178
                    - 183
                    - 161
                    - 7
                    - 238
                    - 87
                    - 145
                    - 92
                    - 34
                    - 110
                    - 74
                    - 164
                    - 136
                    - 138
                    - 167
                    - 248
                    - 1
                    - 168
                    - 242
                    - 0
                    - 77
                    - 71
                    - 104
                r:
                    - 181
                    - 176
                    - 219
                    - 238
                    - 106
                    - 134
                    - 42
                    - 72
                    - 146
                    - 178
                    - 183
                    - 161
                    - 7
                    - 238
                    - 87
                    - 145
                    - 92
                    - 34
                    - 110
                    - 74
                    - 164
                    - 136
                    - 138
                    - 167
                    - 248
                    - 1
                    - 168
                    - 242
                    - 0
                    - 77
                    - 71
                    - 104
                t: 1
                un: unitName
            fee: 4350
            fv: 10572
            gen: sandnet-v1
            gh:
                - 210
                - 142
                - 246
                - 44
                - 48
                - 21
                - 183
                - 108
                - 211
                - 49
                - 164
                - 1
                - 3
                - 105
                - 78
                - 225
                - 99
                - 222
                - 205
                - 162
                - 141
                - 12
                - 146
                - 22
                - 218
                - 19
                - 53
                - 88
                - 22
                - 159
                - 53
                - 78
            lv: 11572
            note:
                - 110
                - 111
                - 116
                - 101
                - 98
                - 54
                - 52
            snd:
                - 234
                - 29
                - 238
                - 71
                - 106
                - 116
                - 163
                - 154
                - 121
                - 246
                - 140
                - 193
                - 209
                - 104
                - 1
                - 147
                - 154
                - 84
                - 130
                - 94
                - 168
                - 235
                - 159
                - 65
                - 44
                - 181
                - 237
                - 96
                - 132
                - 22
                - 212
                - 116
            type: acfg
