"Deploying ASA: minimumASA1":
    asset-index: 46
    confirmed-round: 10572
    pool-error: ""
    txn:
        sig:
            - 204
            - 140
            - 88
            - 205
            - 205
            - 216
            - 142
            - 10
            - 102
            - 132
            - 40
            - 83
            - 113
            - 171
            - 234
            - 89
            - 161
            - 49
            - 161
            - 170
            - 212
            - 236
            - 221
            - 92
            - 26
            - 171
            - 193
            - 58
            - 204
            - 19
            - 124
            - 70
            - 132
            - 52
            - 250
            - 65
            - 147
            - 239
            - 40
            - 217
            - 150
            - 99
            - 163
            - 50
            - 225
            - 171
            - 89
            - 131
            - 32
            - 35
            - 141
            - 8
            - 189
            - 77
            - 73
            - 99
            - 42
            - 134
            - 220
            - 250
            - 71
            - 167
            - 37
            - 4
        txn:
            apar:
                an: minimumASA1
                t: 1
                un: unitName
            fee: 2290
            fv: 10570
            gen: sandnet-v1
            gh:
                - 210
                - 142
                - 246
                - 44
                - 48
                - 21
                - 183
                - 108
                - 211
                - 49
                - 164
                - 1
                - 3
                - 105
                - 78
                - 225
                - 99
                - 222
                - 205
                - 162
                - 141
                - 12
                - 146
                - 22
                - 218
                - 19
                - 53
                - 88
                - 22
                - 159
                - 53
                - 78
            lv: 11570
            snd:
                - 234
                - 29
                - 238
                - 71
                - 106
                - 116
                - 163
                - 154
                - 121
                - 246
                - 140
                - 193
                - 209
                - 104
                - 1
                - 147
                - 154
                - 84
                - 130
                - 94
                - 168
                - 235
                - 159
                - 65
                - 44
                - 181
                - 237
                - 96
                - 132
                - 22
                - 212
                - 116
            type: acfg
