"Deploying ASA: minimumASA":
    asset-index: 45
    confirmed-round: 10570
    pool-error: ""
    sender-rewards: 352061950152
    txn:
        sig:
            - 36
            - 162
            - 209
            - 74
            - 104
            - 94
            - 110
            - 8
            - 139
            - 165
            - 53
            - 38
            - 40
            - 70
            - 132
            - 47
            - 134
            - 167
            - 75
            - 122
            - 20
            - 79
            - 126
            - 135
            - 149
            - 53
            - 154
            - 15
            - 46
            - 54
            - 142
            - 244
            - 174
            - 103
            - 49
            - 160
            - 35
            - 41
            - 190
            - 139
            - 28
            - 40
            - 92
            - 234
            - 75
            - 170
            - 137
            - 124
            - 254
            - 105
            - 219
            - 124
            - 46
            - 6
            - 242
            - 44
            - 248
            - 245
            - 15
            - 115
            - 179
            - 188
            - 222
            - 14
        txn:
            apar:
                an: minimumASA
                t: 1
                un: unitName
            fee: 230000
            fv: 10568
            gen: sandnet-v1
            gh:
                - 210
                - 142
                - 246
                - 44
                - 48
                - 21
                - 183
                - 108
                - 211
                - 49
                - 164
                - 1
                - 3
                - 105
                - 78
                - 225
                - 99
                - 222
                - 205
                - 162
                - 141
                - 12
                - 146
                - 22
                - 218
                - 19
                - 53
                - 88
                - 22
                - 159
                - 53
                - 78
            lv: 11568
            snd:
                - 234
                - 29
                - 238
                - 71
                - 106
                - 116
                - 163
                - 154
                - 121
                - 246
                - 140
                - 193
                - 209
                - 104
                - 1
                - 147
                - 154
                - 84
                - 130
                - 94
                - 168
                - 235
                - 159
                - 65
                - 44
                - 181
                - 237
                - 96
                - 132
                - 22
                - 212
                - 116
            type: acfg
