"Funding Contract: II75XSDNKLRIZ2SNP3S6CAWI7CO2GNB4HSWFRUNL67UUIQ6PPZ3TOSG3BE\nLsig: fee-check.teal":
    confirmed-round: 10576
    pool-error: ""
    receiver-rewards: 1760
    txn:
        sig:
            - 146
            - 20
            - 16
            - 48
            - 12
            - 128
            - 155
            - 70
            - 119
            - 243
            - 246
            - 59
            - 113
            - 18
            - 68
            - 217
            - 208
            - 208
            - 96
            - 122
            - 18
            - 116
            - 95
            - 17
            - 22
            - 229
            - 3
            - 107
            - 233
            - 118
            - 211
            - 88
            - 159
            - 132
            - 222
            - 64
            - 47
            - 35
            - 22
            - 198
            - 192
            - 157
            - 210
            - 94
            - 122
            - 67
            - 201
            - 226
            - 87
            - 33
            - 175
            - 3
            - 67
            - 37
            - 169
            - 245
            - 169
            - 133
            - 146
            - 201
            - 219
            - 233
            - 173
            - 12
        txn:
            amt: 20000000
            fee: 241000
            fv: 10574
            gen: sandnet-v1
            gh:
                - 210
                - 142
                - 246
                - 44
                - 48
                - 21
                - 183
                - 108
                - 211
                - 49
                - 164
                - 1
                - 3
                - 105
                - 78
                - 225
                - 99
                - 222
                - 205
                - 162
                - 141
                - 12
                - 146
                - 22
                - 218
                - 19
                - 53
                - 88
                - 22
                - 159
                - 53
                - 78
            lv: 11574
            rcv:
                - 66
                - 63
                - 219
                - 200
                - 109
                - 82
                - 226
                - 140
                - 234
                - 77
                - 126
                - 229
                - 225
                - 2
                - 200
                - 248
                - 157
                - 163
                - 52
                - 60
                - 60
                - 172
                - 88
                - 209
                - 171
                - 247
                - 233
                - 68
                - 67
                - 207
                - 126
                - 119
            snd:
                - 234
                - 29
                - 238
                - 71
                - 106
                - 116
                - 163
                - 154
                - 121
                - 246
                - 140
                - 193
                - 209
                - 104
                - 1
                - 147
                - 154
                - 84
                - 130
                - 94
                - 168
                - 235
                - 159
                - 65
                - 44
                - 181
                - 237
                - 96
                - 132
                - 22
                - 212
                - 116
            type: pay
