"Funding Contract: GN5VUIE4D7WCYFLZK5LPQCL4Z66Y2RIIVCUG3U7FK4W5TKQSLK2G7V6TGY\nLsig: escrow.py":
    confirmed-round: 10648
    pool-error: ""
    sender-rewards: 8002112040
    txn:
        sig:
            - 55
            - 50
            - 1
            - 13
            - 82
            - 77
            - 85
            - 165
            - 58
            - 49
            - 130
            - 54
            - 188
            - 173
            - 61
            - 139
            - 162
            - 237
            - 141
            - 52
            - 179
            - 39
            - 239
            - 97
            - 99
            - 237
            - 61
            - 101
            - 72
            - 194
            - 101
            - 24
            - 249
            - 193
            - 86
            - 233
            - 222
            - 130
            - 255
            - 29
            - 247
            - 247
            - 218
            - 195
            - 102
            - 247
            - 215
            - 28
            - 125
            - 204
            - 201
            - 102
            - 255
            - 217
            - 145
            - 97
            - 29
            - 164
            - 54
            - 55
            - 141
            - 38
            - 175
            - 10
        txn:
            amt: 20000000
            fee: 241000
            fv: 10646
            gen: sandnet-v1
            gh:
                - 210
                - 142
                - 246
                - 44
                - 48
                - 21
                - 183
                - 108
                - 211
                - 49
                - 164
                - 1
                - 3
                - 105
                - 78
                - 225
                - 99
                - 222
                - 205
                - 162
                - 141
                - 12
                - 146
                - 22
                - 218
                - 19
                - 53
                - 88
                - 22
                - 159
                - 53
                - 78
            lv: 11646
            rcv:
                - 51
                - 123
                - 90
                - 32
                - 156
                - 31
                - 236
                - 44
                - 21
                - 121
                - 87
                - 86
                - 248
                - 9
                - 124
                - 207
                - 189
                - 141
                - 69
                - 8
                - 168
                - 168
                - 109
                - 211
                - 229
                - 87
                - 45
                - 217
                - 170
                - 18
                - 90
                - 180
            snd:
                - 234
                - 29
                - 238
                - 71
                - 106
                - 116
                - 163
                - 154
                - 121
                - 246
                - 140
                - 193
                - 209
                - 104
                - 1
                - 147
                - 154
                - 84
                - 130
                - 94
                - 168
                - 235
                - 159
                - 65
                - 44
                - 181
                - 237
                - 96
                - 132
                - 22
                - 212
                - 116
            type: pay
